<?xml version="1.0" encoding="UTF-8"?>
<!-- Generated by org.testng.reporters.JUnitReportReporter -->
<testsuite skipped="0" hostname="DESKTOP-6C5IDS7" name="com.testngfeatures.DataProviderConcept" tests="4" failures="0" timestamp="2022-02-28T07:23:21 IST" time="0.003" errors="0">
  <testcase name="credentials" time="0.000" classname="com.testngfeatures.DataProviderConcept"/>
  <system-out/>
  <testcase name="credentials" time="0.003" classname="com.testngfeatures.DataProviderConcept"/>
  <system-out/>
  <testcase name="credentials" time="0.000" classname="com.testngfeatures.DataProviderConcept"/>
  <system-out/>
  <testcase name="credentials" time="0.000" classname="com.testngfeatures.DataProviderConcept"/>
  <system-out/>
</testsuite> <!-- com.testngfeatures.DataProviderConcept -->
