<?xml version="1.0" encoding="UTF-8"?>
<!-- Generated by org.testng.reporters.JUnitReportReporter -->
<testsuite skipped="0" hostname="DESKTOP-6C5IDS7" name="com.testngfeatures.PriorityConcept" tests="8" failures="0" timestamp="2022-02-21T19:09:13 IST" time="0.008" errors="0">
  <testcase name="method1" time="0.004" classname="com.testngfeatures.PriorityConcept"/>
  <system-out/>
  <testcase name="method2" time="0.000" classname="com.testngfeatures.PriorityConcept"/>
  <system-out/>
  <testcase name="method3" time="0.001" classname="com.testngfeatures.PriorityConcept"/>
  <system-out/>
  <testcase name="testMethod2" time="0.001" classname="com.testngfeatures.PriorityConcept"/>
  <system-out/>
  <testcase name="testMethod1" time="0.001" classname="com.testngfeatures.PriorityConcept"/>
  <system-out/>
  <testcase name="method4" time="0.000" classname="com.testngfeatures.PriorityConcept"/>
  <system-out/>
  <testcase name="variables" time="0.000" classname="com.testngfeatures.PriorityConcept"/>
  <system-out/>
  <testcase name="testMethod3" time="0.001" classname="com.testngfeatures.PriorityConcept"/>
  <system-out/>
</testsuite> <!-- com.testngfeatures.PriorityConcept -->
