<?xml version="1.0" encoding="UTF-8"?>
<!-- Generated by org.testng.reporters.JUnitReportReporter -->
<testsuite skipped="0" hostname="DESKTOP-6C5IDS7" name="com.testngfeatures.InvocationCount" tests="7" failures="0" timestamp="2022-02-21T19:08:48 IST" time="0.004" errors="0">
  <testcase name="testMethod2" time="0.004" classname="com.testngfeatures.InvocationCount"/>
  <system-out/>
  <testcase name="testMethod1" time="0.000" classname="com.testngfeatures.InvocationCount"/>
  <system-out/>
  <testcase name="method4" time="0.000" classname="com.testngfeatures.InvocationCount"/>
  <system-out/>
  <testcase name="method4" time="0.000" classname="com.testngfeatures.InvocationCount"/>
  <system-out/>
  <testcase name="method4" time="0.000" classname="com.testngfeatures.InvocationCount"/>
  <system-out/>
  <testcase name="variables" time="0.000" classname="com.testngfeatures.InvocationCount"/>
  <system-out/>
  <testcase name="testMethod3" time="0.000" classname="com.testngfeatures.InvocationCount"/>
  <system-out/>
</testsuite> <!-- com.testngfeatures.InvocationCount -->
