<?xml version="1.0" encoding="UTF-8"?>
<!-- Generated by org.testng.reporters.JUnitReportReporter -->
<testsuite skipped="0" hostname="DESKTOP-6C5IDS7" name="com.testngfeatures.AssertionConcept" tests="1" failures="0" timestamp="2022-02-25T17:47:30 IST" time="0.005" errors="0">
  <testcase name="loginPage" time="0.005" classname="com.testngfeatures.AssertionConcept"/>
  <system-out/>
</testsuite> <!-- com.testngfeatures.AssertionConcept -->
