<?xml version="1.0" encoding="UTF-8"?>
<!-- Generated by org.testng.reporters.JUnitReportReporter -->
<testsuite skipped="0" hostname="DESKTOP-6C5IDS7" name="com.testngfeatures.SotAssertion" tests="1" failures="0" timestamp="2022-02-25T17:56:44 IST" time="0.007" errors="0">
  <testcase name="webPage" time="0.007" classname="com.testngfeatures.SotAssertion"/>
  <system-out/>
</testsuite> <!-- com.testngfeatures.SotAssertion -->
