<?xml version="1.0" encoding="UTF-8"?>
<!-- Generated by org.testng.reporters.JUnitReportReporter -->
<testsuite skipped="0" hostname="DESKTOP-6C5IDS7" name="com.testngfeatures.SimpleAnnotations" tests="2" failures="0" timestamp="2022-02-21T19:05:51 IST" time="0.003" errors="0">
  <testcase name="performTask2" time="0.001" classname="com.testngfeatures.SimpleAnnotations"/>
  <system-out/>
  <testcase name="performTask" time="0.002" classname="com.testngfeatures.SimpleAnnotations"/>
  <system-out/>
</testsuite> <!-- com.testngfeatures.SimpleAnnotations -->
