<?xml version="1.0" encoding="UTF-8"?>
<!-- Generated by org.testng.reporters.JUnitReportReporter -->
<testsuite skipped="0" hostname="DESKTOP-6C5IDS7" name="com.testngfeatures.ExpectedExceptionConcept" tests="1" failures="0" timestamp="2022-02-21T19:06:46 IST" time="0.004" errors="0">
  <testcase name="stringFunction" time="0.004" classname="com.testngfeatures.ExpectedExceptionConcept"/>
  <system-out/>
</testsuite> <!-- com.testngfeatures.ExpectedExceptionConcept -->
