<?xml version="1.0" encoding="UTF-8"?>
<!-- Generated by org.testng.reporters.JUnitReportReporter -->
<testsuite skipped="0" hostname="DESKTOP-6C5IDS7" name="com.testngfeatures.DependenciesConcept" tests="2" failures="0" timestamp="2022-02-21T19:06:24 IST" time="0.004" errors="0">
  <testcase name="method1" time="0.004" classname="com.testngfeatures.DependenciesConcept"/>
  <system-out/>
  <testcase name="method2" time="0.000" classname="com.testngfeatures.DependenciesConcept"/>
  <system-out/>
</testsuite> <!-- com.testngfeatures.DependenciesConcept -->
